<?xml version="1.0" encoding="UTF-8"?>
<!-- Generated by org.testng.reporters.JUnitReportReporter -->
<testsuite skipped="0" hostname="DESKTOP-NMA0ISQ" name="com.MavenTest02" tests="1" failures="0" timestamp="03 Jan 2020 11:26:25 GMT" time="8.026" errors="0">
  <testcase name="test01" time="8.026" classname="com.MavenTest02"/>
</testsuite> <!-- com.MavenTest02 -->
