<?xml version="1.0" encoding="UTF-8"?>
<!-- Generated by org.testng.reporters.JUnitReportReporter -->
<testsuite skipped="0" hostname="DESKTOP-NMA0ISQ" name="com.MavenTest02" tests="1" failures="0" timestamp="30 Dec 2019 13:52:05 GMT" time="8.917" errors="0">
  <testcase name="test01" time="8.917" classname="com.MavenTest02"/>
</testsuite> <!-- com.MavenTest02 -->
