<?xml version="1.0" encoding="UTF-8"?>
<!-- Generated by org.testng.reporters.JUnitReportReporter -->
<testsuite skipped="0" hostname="DESKTOP-NMA0ISQ" name="com.MavenTest02" tests="1" failures="0" timestamp="2020-01-14T15:16:26 IST" time="9.510" errors="0">
  <testcase name="test01" time="9.510" classname="com.MavenTest02"/>
</testsuite> <!-- com.MavenTest02 -->
