<?xml version="1.0" encoding="UTF-8"?>
<!-- Generated by org.testng.reporters.JUnitReportReporter -->
<testsuite skipped="0" hostname="DESKTOP-NMA0ISQ" name="com.MavenTest01" tests="1" failures="0" timestamp="20 Feb 2020 10:40:16 GMT" time="9.248" errors="0">
  <testcase name="testCase1" time="9.248" classname="com.MavenTest01"/>
</testsuite> <!-- com.MavenTest01 -->
