<?xml version="1.0" encoding="UTF-8"?>
<!-- Generated by org.testng.reporters.JUnitReportReporter -->
<testsuite skipped="0" hostname="DESKTOP-NMA0ISQ" name="com.MavenTest01" tests="1" failures="0" timestamp="17 Jan 2020 09:06:02 GMT" time="4.658" errors="0">
  <testcase name="testCase1" time="4.658" classname="com.MavenTest01"/>
</testsuite> <!-- com.MavenTest01 -->
