<?xml version="1.0" encoding="UTF-8"?>
<!-- Generated by org.testng.reporters.JUnitReportReporter -->
<testsuite skipped="0" hostname="DESKTOP-NMA0ISQ" name="com.MavenTest02" tests="1" failures="0" timestamp="17 Jan 2020 09:06:02 GMT" time="1.856" errors="0">
  <testcase name="test01" time="1.856" classname="com.MavenTest02"/>
</testsuite> <!-- com.MavenTest02 -->
