<?xml version="1.0" encoding="UTF-8"?>
<!-- Generated by org.testng.reporters.JUnitReportReporter -->
<testsuite skipped="0" hostname="DESKTOP-NMA0ISQ" name="com.MavenTest02" tests="1" failures="0" timestamp="20 Feb 2020 10:40:16 GMT" time="7.406" errors="0">
  <testcase name="test01" time="7.406" classname="com.MavenTest02"/>
</testsuite> <!-- com.MavenTest02 -->
