<?xml version="1.0" encoding="UTF-8"?>
<!-- Generated by org.testng.reporters.JUnitReportReporter -->
<testsuite skipped="0" hostname="DESKTOP-NMA0ISQ" name="com.MavenTest02" tests="1" failures="0" timestamp="08 Jan 2020 11:55:48 GMT" time="6.154" errors="0">
  <testcase name="test01" time="6.154" classname="com.MavenTest02"/>
</testsuite> <!-- com.MavenTest02 -->
