<?xml version="1.0" encoding="UTF-8"?>
<!-- Generated by org.testng.reporters.JUnitReportReporter -->
<testsuite skipped="0" hostname="DESKTOP-NMA0ISQ" name="com.MavenTest02" tests="1" failures="0" timestamp="01 Jan 2020 10:11:43 GMT" time="12.583" errors="0">
  <testcase name="test01" time="12.583" classname="com.MavenTest02"/>
</testsuite> <!-- com.MavenTest02 -->
