<?xml version="1.0" encoding="UTF-8"?>
<!-- Generated by org.testng.reporters.JUnitReportReporter -->
<testsuite skipped="0" hostname="DESKTOP-NMA0ISQ" name="com.MavenTest02" tests="1" failures="0" timestamp="02 Jan 2020 10:51:06 GMT" time="10.455" errors="0">
  <testcase name="test01" time="10.455" classname="com.MavenTest02"/>
</testsuite> <!-- com.MavenTest02 -->
