<?xml version="1.0" encoding="UTF-8"?>
<!-- Generated by org.testng.reporters.JUnitReportReporter -->
<testsuite skipped="0" hostname="DESKTOP-NMA0ISQ" name="com.MavenTest01" tests="2" failures="0" timestamp="04 Jan 2020 11:18:29 GMT" time="0.100" errors="0">
  <testcase name="testCase2" time="0.000" classname="com.MavenTest01"/>
  <testcase name="testCase1" time="0.100" classname="com.MavenTest01"/>
</testsuite> <!-- com.MavenTest01 -->
