<?xml version="1.0" encoding="UTF-8"?>
<!-- Generated by org.testng.reporters.JUnitReportReporter -->
<testsuite skipped="0" hostname="DESKTOP-NMA0ISQ" name="com.MavenTest02" tests="1" failures="0" timestamp="07 Jan 2020 14:53:54 GMT" time="11.289" errors="0">
  <testcase name="test01" time="11.289" classname="com.MavenTest02"/>
</testsuite> <!-- com.MavenTest02 -->
